[0m08:18:08.770091 [debug] [MainThread]: Sending event: {'category': 'dbt', 'action': 'invocation', 'label': 'start', 'context': [<snowplow_tracker.self_describing_json.SelfDescribingJson object at 0x10c7eba90>, <snowplow_tracker.self_describing_json.SelfDescribingJson object at 0x10d803550>, <snowplow_tracker.self_describing_json.SelfDescribingJson object at 0x10d803880>]}


============================== 08:18:08.772712 | f5fb4419-7114-4a4c-9467-d10b32764d63 ==============================
[0m08:18:08.772712 [info ] [MainThread]: Running with dbt=1.10.2
[0m08:18:08.773036 [debug] [MainThread]: running dbt with arguments {'printer_width': '80', 'indirect_selection': 'eager', 'log_cache_events': 'False', 'write_json': 'True', 'partial_parse': 'True', 'cache_selected_only': 'False', 'warn_error': 'None', 'version_check': 'True', 'profiles_dir': '/Users/jsk-mukund/.dbt', 'log_path': 'logs', 'debug': 'False', 'fail_fast': 'False', 'use_colors': 'True', 'use_experimental_parser': 'False', 'no_print': 'None', 'quiet': 'False', 'empty': 'None', 'log_format': 'default', 'invocation_command': 'dbt init netflix', 'introspect': 'True', 'static_parser': 'True', 'target_path': 'None', 'warn_error_options': 'WarnErrorOptionsV2(error=[], warn=[], silence=[])', 'send_anonymous_usage_stats': 'True'}
[0m08:18:08.781559 [debug] [MainThread]: Starter project path: /Users/jsk-mukund/Downloads/Netflix-proj-1/venv/lib/python3.9/site-packages/dbt/include/starter_project
[0m08:18:08.785962 [info ] [MainThread]: 
Your new dbt project "netflix" was created!

For more information on how to configure the profiles.yml file,
please consult the dbt documentation here:

  https://docs.getdbt.com/docs/configure-your-profile

One more thing:

Need help? Don't hesitate to reach out to us via GitHub issues or on Slack:

  https://community.getdbt.com/

Happy modeling!

[0m08:18:08.786178 [info ] [MainThread]: Setting up your profile.
[0m08:22:09.765068 [info ] [MainThread]: Profile netflix written to /Users/jsk-mukund/.dbt/profiles.yml using target's profile_template.yml and your supplied values. Run 'dbt debug' to validate the connection.
[0m08:22:09.776842 [debug] [MainThread]: Resource report: {"command_name": "init", "command_success": true, "command_wall_clock_time": 241.0554, "process_in_blocks": "0", "process_kernel_time": 0.210293, "process_mem_max_rss": "115687424", "process_out_blocks": "0", "process_user_time": 1.068728}
[0m08:22:09.777751 [debug] [MainThread]: Command `dbt init` succeeded at 08:22:09.777527 after 241.06 seconds
[0m08:22:09.778796 [debug] [MainThread]: Sending event: {'category': 'dbt', 'action': 'invocation', 'label': 'end', 'context': [<snowplow_tracker.self_describing_json.SelfDescribingJson object at 0x10c7eba90>, <snowplow_tracker.self_describing_json.SelfDescribingJson object at 0x10d8d8eb0>, <snowplow_tracker.self_describing_json.SelfDescribingJson object at 0x10d803880>]}
[0m08:22:09.779472 [debug] [MainThread]: Flushing usage events
[0m08:22:10.301665 [debug] [MainThread]: An error was encountered while trying to flush usage events
[0m08:24:18.282687 [debug] [MainThread]: Sending event: {'category': 'dbt', 'action': 'invocation', 'label': 'start', 'context': [<snowplow_tracker.self_describing_json.SelfDescribingJson object at 0x1081eb880>, <snowplow_tracker.self_describing_json.SelfDescribingJson object at 0x109232ac0>, <snowplow_tracker.self_describing_json.SelfDescribingJson object at 0x109232790>]}


============================== 08:24:18.285373 | 0b42fca9-70b6-49e3-91f5-1ee35ec53bf5 ==============================
[0m08:24:18.285373 [info ] [MainThread]: Running with dbt=1.10.2
[0m08:24:18.285695 [debug] [MainThread]: running dbt with arguments {'printer_width': '80', 'indirect_selection': 'eager', 'write_json': 'True', 'log_cache_events': 'False', 'partial_parse': 'True', 'cache_selected_only': 'False', 'profiles_dir': '/Users/jsk-mukund/.dbt', 'version_check': 'True', 'fail_fast': 'False', 'log_path': 'logs', 'debug': 'False', 'warn_error': 'None', 'use_colors': 'True', 'use_experimental_parser': 'False', 'no_print': 'None', 'quiet': 'False', 'empty': 'None', 'log_format': 'default', 'invocation_command': 'dbt init netflix', 'static_parser': 'True', 'introspect': 'True', 'target_path': 'None', 'warn_error_options': 'WarnErrorOptionsV2(error=[], warn=[], silence=[])', 'send_anonymous_usage_stats': 'True'}
[0m08:24:18.293872 [info ] [MainThread]: A project called netflix already exists here.
[0m08:24:18.295689 [debug] [MainThread]: Resource report: {"command_name": "init", "command_success": true, "command_wall_clock_time": 0.059182793, "process_in_blocks": "0", "process_kernel_time": 0.128011, "process_mem_max_rss": "97320960", "process_out_blocks": "0", "process_user_time": 0.727845}
[0m08:24:18.295956 [debug] [MainThread]: Command `dbt init` succeeded at 08:24:18.295897 after 0.06 seconds
[0m08:24:18.296154 [debug] [MainThread]: Sending event: {'category': 'dbt', 'action': 'invocation', 'label': 'end', 'context': [<snowplow_tracker.self_describing_json.SelfDescribingJson object at 0x1081eb880>, <snowplow_tracker.self_describing_json.SelfDescribingJson object at 0x1091db460>, <snowplow_tracker.self_describing_json.SelfDescribingJson object at 0x1091db190>]}
[0m08:24:18.296342 [debug] [MainThread]: Flushing usage events
[0m08:24:18.789488 [debug] [MainThread]: An error was encountered while trying to flush usage events
[0m08:41:33.822244 [debug] [MainThread]: Sending event: {'category': 'dbt', 'action': 'invocation', 'label': 'start', 'context': [<snowplow_tracker.self_describing_json.SelfDescribingJson object at 0x10c750790>, <snowplow_tracker.self_describing_json.SelfDescribingJson object at 0x10d795cd0>, <snowplow_tracker.self_describing_json.SelfDescribingJson object at 0x10d7959a0>]}


============================== 08:41:33.824883 | 39a1d9c9-8801-45c7-b79d-d8bc8dffbfe4 ==============================
[0m08:41:33.824883 [info ] [MainThread]: Running with dbt=1.10.2
[0m08:41:33.825199 [debug] [MainThread]: running dbt with arguments {'printer_width': '80', 'indirect_selection': 'eager', 'write_json': 'True', 'log_cache_events': 'False', 'partial_parse': 'True', 'cache_selected_only': 'False', 'warn_error': 'None', 'version_check': 'True', 'profiles_dir': '/Users/jsk-mukund/.dbt', 'log_path': 'logs', 'fail_fast': 'False', 'debug': 'False', 'use_colors': 'True', 'use_experimental_parser': 'False', 'empty': 'None', 'quiet': 'False', 'no_print': 'None', 'warn_error_options': 'WarnErrorOptionsV2(error=[], warn=[], silence=[])', 'invocation_command': 'dbt init netflix', 'log_format': 'default', 'introspect': 'True', 'target_path': 'None', 'static_parser': 'True', 'send_anonymous_usage_stats': 'True'}
[0m08:41:33.833707 [info ] [MainThread]: A project called netflix already exists here.
[0m08:41:33.835656 [debug] [MainThread]: Resource report: {"command_name": "init", "command_success": true, "command_wall_clock_time": 0.06241692, "process_in_blocks": "0", "process_kernel_time": 0.161494, "process_mem_max_rss": "97058816", "process_out_blocks": "0", "process_user_time": 0.748636}
[0m08:41:33.835923 [debug] [MainThread]: Command `dbt init` succeeded at 08:41:33.835863 after 0.06 seconds
[0m08:41:33.836118 [debug] [MainThread]: Sending event: {'category': 'dbt', 'action': 'invocation', 'label': 'end', 'context': [<snowplow_tracker.self_describing_json.SelfDescribingJson object at 0x10c750790>, <snowplow_tracker.self_describing_json.SelfDescribingJson object at 0x10d706d30>, <snowplow_tracker.self_describing_json.SelfDescribingJson object at 0x10d5e4a60>]}
[0m08:41:33.836310 [debug] [MainThread]: Flushing usage events
[0m08:41:34.346615 [debug] [MainThread]: An error was encountered while trying to flush usage events
[0m08:41:46.820457 [debug] [MainThread]: Sending event: {'category': 'dbt', 'action': 'invocation', 'label': 'start', 'context': [<snowplow_tracker.self_describing_json.SelfDescribingJson object at 0x107b27850>, <snowplow_tracker.self_describing_json.SelfDescribingJson object at 0x108b6da60>, <snowplow_tracker.self_describing_json.SelfDescribingJson object at 0x108b6d730>]}


============================== 08:41:46.823400 | d6b3a6d0-d9a1-44ba-9a4b-88f0bd4c00a4 ==============================
[0m08:41:46.823400 [info ] [MainThread]: Running with dbt=1.10.2
[0m08:41:46.823883 [debug] [MainThread]: running dbt with arguments {'printer_width': '80', 'indirect_selection': 'eager', 'write_json': 'True', 'log_cache_events': 'False', 'partial_parse': 'True', 'cache_selected_only': 'False', 'warn_error': 'None', 'version_check': 'True', 'profiles_dir': '/Users/jsk-mukund/.dbt', 'log_path': 'logs', 'debug': 'False', 'fail_fast': 'False', 'use_colors': 'True', 'use_experimental_parser': 'False', 'no_print': 'None', 'quiet': 'False', 'empty': 'None', 'log_format': 'default', 'introspect': 'True', 'warn_error_options': 'WarnErrorOptionsV2(error=[], warn=[], silence=[])', 'static_parser': 'True', 'target_path': 'None', 'invocation_command': 'dbt init netflix', 'send_anonymous_usage_stats': 'True'}
[0m08:41:46.831641 [info ] [MainThread]: A project called netflix already exists here.
[0m08:41:46.833089 [debug] [MainThread]: Resource report: {"command_name": "init", "command_success": true, "command_wall_clock_time": 0.05632354, "process_in_blocks": "0", "process_kernel_time": 0.09049, "process_mem_max_rss": "97058816", "process_out_blocks": "0", "process_user_time": 0.754637}
[0m08:41:46.833367 [debug] [MainThread]: Command `dbt init` succeeded at 08:41:46.833308 after 0.06 seconds
[0m08:41:46.833574 [debug] [MainThread]: Sending event: {'category': 'dbt', 'action': 'invocation', 'label': 'end', 'context': [<snowplow_tracker.self_describing_json.SelfDescribingJson object at 0x107b27850>, <snowplow_tracker.self_describing_json.SelfDescribingJson object at 0x108b17790>, <snowplow_tracker.self_describing_json.SelfDescribingJson object at 0x108b172b0>]}
[0m08:41:46.833777 [debug] [MainThread]: Flushing usage events
[0m08:41:47.293580 [debug] [MainThread]: An error was encountered while trying to flush usage events
[0m08:42:39.880731 [debug] [MainThread]: Sending event: {'category': 'dbt', 'action': 'invocation', 'label': 'start', 'context': [<snowplow_tracker.self_describing_json.SelfDescribingJson object at 0x10bc2c790>, <snowplow_tracker.self_describing_json.SelfDescribingJson object at 0x10cc6d2e0>, <snowplow_tracker.self_describing_json.SelfDescribingJson object at 0x10cc6d610>]}


============================== 08:42:39.883738 | c7dfdabc-ea77-4f06-95e4-a5c6170e23d3 ==============================
[0m08:42:39.883738 [info ] [MainThread]: Running with dbt=1.10.2
[0m08:42:39.884088 [debug] [MainThread]: running dbt with arguments {'printer_width': '80', 'indirect_selection': 'eager', 'log_cache_events': 'False', 'write_json': 'True', 'partial_parse': 'True', 'cache_selected_only': 'False', 'warn_error': 'None', 'fail_fast': 'False', 'version_check': 'True', 'log_path': 'logs', 'profiles_dir': '/Users/jsk-mukund/.dbt', 'debug': 'False', 'use_colors': 'True', 'use_experimental_parser': 'False', 'empty': 'None', 'quiet': 'False', 'no_print': 'None', 'warn_error_options': 'WarnErrorOptionsV2(error=[], warn=[], silence=[])', 'static_parser': 'True', 'introspect': 'True', 'invocation_command': 'dbt init netflixs', 'target_path': 'None', 'log_format': 'default', 'send_anonymous_usage_stats': 'True'}
[0m08:42:39.892742 [debug] [MainThread]: Starter project path: /Users/jsk-mukund/Downloads/Netflix-proj-1/venv/lib/python3.9/site-packages/dbt/include/starter_project
[0m08:42:39.896723 [info ] [MainThread]: 
Your new dbt project "netflixs" was created!

For more information on how to configure the profiles.yml file,
please consult the dbt documentation here:

  https://docs.getdbt.com/docs/configure-your-profile

One more thing:

Need help? Don't hesitate to reach out to us via GitHub issues or on Slack:

  https://community.getdbt.com/

Happy modeling!

[0m08:42:39.896938 [info ] [MainThread]: Setting up your profile.
[0m08:45:19.722009 [info ] [MainThread]: Profile netflixs written to /Users/jsk-mukund/.dbt/profiles.yml using target's profile_template.yml and your supplied values. Run 'dbt debug' to validate the connection.
[0m08:45:19.727938 [debug] [MainThread]: Resource report: {"command_name": "init", "command_success": true, "command_wall_clock_time": 159.88986, "process_in_blocks": "0", "process_kernel_time": 0.176024, "process_mem_max_rss": "112525312", "process_out_blocks": "0", "process_user_time": 0.867585}
[0m08:45:19.728703 [debug] [MainThread]: Command `dbt init` succeeded at 08:45:19.728499 after 159.89 seconds
[0m08:45:19.729473 [debug] [MainThread]: Sending event: {'category': 'dbt', 'action': 'invocation', 'label': 'end', 'context': [<snowplow_tracker.self_describing_json.SelfDescribingJson object at 0x10bc2c790>, <snowplow_tracker.self_describing_json.SelfDescribingJson object at 0x10cc1c250>, <snowplow_tracker.self_describing_json.SelfDescribingJson object at 0x10cc6dd30>]}
[0m08:45:19.730183 [debug] [MainThread]: Flushing usage events
[0m08:45:20.225064 [debug] [MainThread]: An error was encountered while trying to flush usage events
[0m08:53:05.370784 [debug] [MainThread]: Sending event: {'category': 'dbt', 'action': 'invocation', 'label': 'start', 'context': [<snowplow_tracker.self_describing_json.SelfDescribingJson object at 0x108767820>, <snowplow_tracker.self_describing_json.SelfDescribingJson object at 0x1097ba340>, <snowplow_tracker.self_describing_json.SelfDescribingJson object at 0x1097ba670>]}


============================== 08:53:05.373508 | 470f9348-ddd4-4099-87a3-cb2d9c792ef3 ==============================
[0m08:53:05.373508 [info ] [MainThread]: Running with dbt=1.10.2
[0m08:53:05.373835 [debug] [MainThread]: running dbt with arguments {'printer_width': '80', 'indirect_selection': 'eager', 'write_json': 'True', 'log_cache_events': 'False', 'partial_parse': 'True', 'cache_selected_only': 'False', 'profiles_dir': '/Users/jsk-mukund/.dbt', 'fail_fast': 'False', 'version_check': 'True', 'log_path': 'logs', 'debug': 'False', 'warn_error': 'None', 'use_colors': 'True', 'use_experimental_parser': 'False', 'no_print': 'None', 'quiet': 'False', 'empty': 'False', 'log_format': 'default', 'static_parser': 'True', 'invocation_command': 'dbt run', 'warn_error_options': 'WarnErrorOptionsV2(error=[], warn=[], silence=[])', 'target_path': 'None', 'introspect': 'True', 'send_anonymous_usage_stats': 'True'}
[0m08:53:05.374146 [error] [MainThread]: Encountered an error:
Runtime Error
  No dbt_project.yml found at expected path /Users/jsk-mukund/Downloads/Netflix-proj-1/dbt_project.yml
  Verify that each entry within packages.yml (and their transitive dependencies) contains a file named dbt_project.yml
  
[0m08:53:05.376011 [debug] [MainThread]: Resource report: {"command_name": "run", "command_success": false, "command_wall_clock_time": 0.05272596, "process_in_blocks": "0", "process_kernel_time": 0.145107, "process_mem_max_rss": "96337920", "process_out_blocks": "0", "process_user_time": 0.727161}
[0m08:53:05.376275 [debug] [MainThread]: Command `dbt run` failed at 08:53:05.376218 after 0.05 seconds
[0m08:53:05.376477 [debug] [MainThread]: Sending event: {'category': 'dbt', 'action': 'invocation', 'label': 'end', 'context': [<snowplow_tracker.self_describing_json.SelfDescribingJson object at 0x108767820>, <snowplow_tracker.self_describing_json.SelfDescribingJson object at 0x10979b850>, <snowplow_tracker.self_describing_json.SelfDescribingJson object at 0x10979b4f0>]}
[0m08:53:05.376663 [debug] [MainThread]: Flushing usage events
[0m08:53:05.898559 [debug] [MainThread]: An error was encountered while trying to flush usage events
